<?xml version="1.0" encoding="UTF-8"?>
<!-- Generated by org.testng.reporters.JUnitXMLReporter -->
<testsuite ignored="1" hostname="TTNPL-6655" failures="0" tests="1" name="Default test" time="12.111" errors="0" timestamp="2025-09-25T20:11:16 IST">
  <testcase classname="com.mystore.testcases.TC_MyAccountPageTest" name="VerifyLogin" time="4.754"/>
  <testcase classname="com.mystore.testcases.TC_MyAccountPageTest" name="verifyRegisterataion" time="0.0">
    <ignored/>
  </testcase> <!-- verifyRegisterataion -->
</testsuite> <!-- Default test -->
