<?xml version="1.0" encoding="UTF-8"?>
<testng-results ignored="0" total="1" passed="1" failed="0" skipped="0">
  <reporter-output>
  </reporter-output>
  <suite started-at="2025-09-25T20:11:04 IST" name="Default suite" finished-at="2025-09-25T20:11:16 IST" duration-ms="12111">
    <groups>
    </groups>
    <test started-at="2025-09-25T20:11:04 IST" name="Default test" finished-at="2025-09-25T20:11:16 IST" duration-ms="12111">
      <class name="com.mystore.testcases.TC_MyAccountPageTest">
        <test-method is-config="true" signature="setup()[pri:0, instance:com.mystore.testcases.TC_MyAccountPageTest@1ce24091]" started-at="2025-09-25T20:11:04 IST" name="setup" finished-at="2025-09-25T20:11:11 IST" duration-ms="7333" status="PASS">
          <reporter-output>
          </reporter-output>
        </test-method> <!-- setup -->
        <test-method signature="VerifyLogin()[pri:2, instance:com.mystore.testcases.TC_MyAccountPageTest@1ce24091]" started-at="2025-09-25T20:11:11 IST" name="VerifyLogin" finished-at="2025-09-25T20:11:16 IST" duration-ms="4754" status="PASS">
          <reporter-output>
          </reporter-output>
        </test-method> <!-- VerifyLogin -->
        <test-method is-config="true" signature="tearDown()[pri:0, instance:com.mystore.testcases.TC_MyAccountPageTest@1ce24091]" started-at="2025-09-25T20:11:16 IST" name="tearDown" finished-at="2025-09-25T20:11:16 IST" duration-ms="0" status="PASS">
          <reporter-output>
          </reporter-output>
        </test-method> <!-- tearDown -->
      </class> <!-- com.mystore.testcases.TC_MyAccountPageTest -->
    </test> <!-- Default test -->
  </suite> <!-- Default suite -->
</testng-results>
